<?xml version="1.0" encoding="UTF-8"?>
<!-- Generated by org.testng.reporters.JUnitReportReporter -->
<testsuite hostname="LTIN511966" failures="0" tests="1" name="TestCase.TC_05_ToolTipList" time="26.409" errors="0" timestamp="2024-04-02T12:29:55 IST" skipped="0">
  <testcase classname="TestCase.TC_05_ToolTipList" name="validateGsdDetails" time="26.409"/>
</testsuite> <!-- TestCase.TC_05_ToolTipList -->
